[    0.000000] Linux version 4.15.0-34-generic (buildd@lgw01-amd64-047) (gcc version 7.3.0 (Ubuntu 7.3.0-16ubuntu3)) #37-Ubuntu SMP Mon Aug 27 15:21:48 UTC 2018 (Ubuntu 4.15.0-34.37-generic 4.15.18)
[    0.000000] Command line: BOOT_IMAGE=/boot/vmlinuz-4.15.0-34-generic root=LABEL=cloudimg-rootfs ro console=tty1 console=ttyS0
[    0.000000] KERNEL supported cpus:
[    0.000000]   Intel GenuineIntel
[    0.000000]   AMD AuthenticAMD
[    0.000000]   Centaur CentaurHauls
[    0.000000] x86/fpu: Supporting XSAVE feature 0x001: 'x87 floating point registers'
[    0.000000] x86/fpu: Supporting XSAVE feature 0x002: 'SSE registers'
[    0.000000] x86/fpu: Supporting XSAVE feature 0x004: 'AVX registers'
[    0.000000] x86/fpu: xstate_offset[2]:  576, xstate_sizes[2]:  256
[    0.000000] x86/fpu: Enabled xstate features 0x7, context size is 832 bytes, using 'standard' format.
[    0.000000] e820: BIOS-provided physical RAM map:
[    0.000000] BIOS-e820: [mem 0x0000000000000000-0x000000000009fbff] usable
[    0.000000] BIOS-e820: [mem 0x000000000009fc00-0x000000000009ffff] reserved
[    0.000000] BIOS-e820: [mem 0x00000000000f0000-0x00000000000fffff] reserved
[    0.000000] BIOS-e820: [mem 0x0000000000100000-0x000000003ffeffff] usable
[    0.000000] BIOS-e820: [mem 0x000000003fff0000-0x000000003fffffff] ACPI data
[    0.000000] BIOS-e820: [mem 0x00000000fec00000-0x00000000fec00fff] reserved
[    0.000000] BIOS-e820: [mem 0x00000000fee00000-0x00000000fee00fff] reserved
[    0.000000] BIOS-e820: [mem 0x00000000fffc0000-0x00000000ffffffff] reserved
[    0.000000] NX (Execute Disable) protection: active
[    0.000000] SMBIOS 2.5 present.
[    0.000000] DMI: innotek GmbH VirtualBox/VirtualBox, BIOS VirtualBox 12/01/2006
[    0.000000] Hypervisor detected: KVM
[    0.000000] e820: last_pfn = 0x3fff0 max_arch_pfn = 0x400000000
[    0.000000] MTRR: Disabled
[    0.000000] x86/PAT: MTRRs disabled, skipping PAT initialization too.
[    0.000000] CPU MTRRs all blank - virtualized system.
[    0.000000] x86/PAT: Configuration [0-7]: WB  WT  UC- UC  WB  WT  UC- UC  
[    0.000000] found SMP MP-table at [mem 0x0009fff0-0x0009ffff] mapped at [        (ptrval)]
[    0.000000] Scanning 1 areas for low memory corruption
[    0.000000] RAMDISK: [mem 0x35ae5000-0x36d69fff]
[    0.000000] ACPI: Early table checksum verification disabled
[    0.000000] ACPI: RSDP 0x00000000000E0000 000024 (v02 VBOX  )
[    0.000000] ACPI: XSDT 0x000000003FFF0030 00003C (v01 VBOX   VBOXXSDT 00000001 ASL  00000061)
[    0.000000] API: FACP 0x000000003FFF00F0 0000F4 (v04 VBOX   VBOXFACP 00000001 ASL  00000061)
[    0.000000] ACPI: DSDT 0x000000003FFF0470 0021FF (v02 VBOX   VBOXBIOS 00000002 INTL 20140214)
[    0.000000] ACPI: FACS 0x000000003FFF0200 000040
[    0.000000] ACPI: FACS 0x000000003FFF0200 000040
[    0.000000] ACPI: APIC 0x000000003FFF0240 00005C (v02 VBOX   VBOXAPIC 00000001 ASL  00000061)
[    0.000000] ACPI: SSDT 0x000000003FFF02A0 0001CC (v01 VBOX   VBOXCPUT 00000002 INTL 20140214)
[    0.000000] No NUMA configuration found
[    0.000000] Faking a node at [mem 0x0000000000000000-0x000000003ffeffff]
[    0.000000] NODE_DATA(0) allocated [mem 0x3ffc5000-0x3ffeffff]
[    0.000000] kvm-clock: cpu 0, msr 0:3ff44001, primary cpu clock
[    0.000000] kvm-clock: Using msrs 4b564d01 and 4b564d00
[    0.000000] kvm-clock: using sched offset of 3246023042 cycles
[    0.000000] clocksource: kvm-clock: mask: 0xffffffffffffffff max_cycles: 0x1cd42e4dffb, max_idle_ns: 881590591483 ns
[    0.000000] Zone ranges:
[    0.000000]   DMA      [mem 0x0000000000001000-0x0000000000ffffff]
[    0.000000]   DMA32    [mem 0x0000000001000000-0x000000003ffeffff]
[    0.000000]   Normal   empty
[    0.000000]   Device   empty
[    0.000000] Movable zone start for each node
[    0.000000] Early memory node ranges
[    0.000000]   node   0: [mem 0x0000000000001000-0x000000000009efff]
[    0.000000]   node   0: [mem 0x0000000000100000-0x000000003ffeffff]
[    0.000000] Initmem setup node 0 [mem 0x0000000000001000-0x000000003ffeffff]
[    0.000000] Reserved but unavailable: 98 pages
[    0.000000] ACPI: PM-Timer IO Port: 0x4008
[    0.000000] IOAPIC[0]: apic_id 2, version 32, address 0xfec00000, GSI 0-23
[    0.000000] ACPI: INT_SRC_OVR (bus 0 bus_irq 0 global_irq 2 dfl dfl)
[    0.000000] ACPI: INT_SRC_OVR (bus 0 bus_irq 9 global_irq 9 low level)
[    0.000000] Using ACPI (MADT) for SMP configuration information
[    0.000000] smpboot: Allowing 2 CPUs, 0 hotplug CPUs
[    0.000000] PM: Registered nosave memory: [mem 0x00000000-0x00000fff]
[    0.000000] PM: Registered nosave memory: [mem 0x0009f000-0x0009ffff]
[    0.000000] PM: Registered nosave memory: [mem 0x000a0000-0x000effff]
[    0.000000] PM: Registered nosave memory: [mem 0x000f0000-0x000fffff]
[    0.000000] e820: [mem 0x40000000-0xfebfffff] available for PCI devices
[    0.000000] Booting paravirtualized kernel on KVM
[    0.000000] clocksource: refined-jiffies: mask: 0xffffffff max_cycles: 0xffffffff, max_idle_ns: 7645519600211568 ns
[    0.000000] random: get_random_bytes called from start_kernel+0x99/0x4fd with crng_init=0
[    0.000000] setup_percpu: NR_CPUS:8192 nr_cpumask_bits:2 nr_cpu_ids:2 nr_node_ids:1
[    0.000000] percpu: Embedded 46 pages/cpu @        (ptrval) s151552 r8192 d28672 u1048576
[    0.000000] PV qspinlock hash table entries: 256 (order: 0, 4096 bytes)
[    0.000000] Built 1 zonelists, mobility grouping on.  Total pages: 257913
[    0.000000] Policy zone: DMA32
[    0.000000] Kernel command line: BOOT_IMAGE=/boot/vmlinuz-4.15.0-34-generic root=LABEL=cloudimg-rootfs ro console=tty1 console=ttyS0
[    0.000000] Memory: 983620K/1048120K available (12300K kernel code, 2471K rwdata, 4244K rodata, 2408K init, 2416K bss, 64500K reserved, 0K cma-reserved)
[    0.000000] SLUB: HWalign=64, Order=0-3, MinObjects=0, CPUs=2, Nodes=1
[    0.000000] Kernel/User page tables isolation: enabled
[    0.000000] ftrace: allocating 39147 entries in 153 pages
[    0.004000] Hierarchical RCU implementation.
[    0.004000] 	RCU restricting CPUs from NR_CPUS=8192 to nr_cpu_ids=2.
[    0.004000] 	Tasks RCU enabled.
[    0.004000] RCU: Adjusting geometry for rcu_fanout_leaf=16, nr_cpu_ids=2
[    0.004000] NR_IRQS: 524544, nr_irqs: 440, preallocated irqs: 16
[    0.004000] Console: colour VGA+ 80x25
[    0.004000] console [tty1] enabled
[    0.004000] console [ttyS0] enabled
[    0.004000] ACPI: Core revision 20170831
[    0.004000] ACPI: 2 ACPI AML tables successfully acquired and loaded
[    0.004000] APIC: Switch to symmetric I/O mode setup
[    0.004000] x2apic enabled
[    0.004000] Switched APIC routing to physical x2apic.
[  0.004000] ..TIMER: vector=0x30 apic1=0 pin1=2 apic2=-1 pin2=-1
[    0.004007] tsc: Detected 2593.572 MHz processor
[    0.004562] Calibrating delay loop (skipped) preset value.. 5187.14 BogoMIPS (lpj=10374288)
[    0.004985] pid_max: default: 32768 minimum: 301
[    0.008052] Security Framework initialized
[    0.012004] Yama: becoming mindful.
[    0.012473] AppArmor: AppArmor initialized
[    0.013569] Dentry cache hash table entries: 131072 (order: 8, 1048576 bytes)
[    0.016084] Inode-cache hash table entries: 65536 (order: 7, 524288 bytes)
[    0.020019] Mount-cache hash table entries: 2048 (order: 2, 16384 bytes)
[    0.020773] Mountpoint-cache hash table entries: 2048 (order: 2, 16384 bytes)
[    0.021770] mce: CPU supports 0 MCE banks
[    0.024032] Last level iTLB entries: 4KB 1024, 2MB 1024, 4MB 1024
[    0.028007] Last level dTLB entries: 4KB 1024, 2MB 1024, 4MB 1024, 1GB 4
[    0.028767] Spectre V2 : Mitigation: Full generic retpoline
[    0.032003] Speculative Store Bypass: Vulnerable
[    0.032658] Freeing SMP alternatives memory: 36K
[    0.040000] smpboot: CPU0: Intel(R) Core(TM) i5-4300M CPU @ 2.60GHz (family: 0x6, model: 0x3c, stepping: 0x3)
[    0.040110] Performance Events: unsupported p6 CPU model 60 no PMU driver, software events only.
[    0.044052] Hierarchical SRCU implementation.
[    0.045153] NMI watchdog: Perf event create on CPU 0 failed with -2
[    0.045877] NMI watchdog: Perf NMI watchdog permanently disabled
[    0.048087] smp: Bringing up secondary CPUs ...
[    0.048795] x86: Booting SMP configuration:
[    0.052003] .... node  #0, CPUs:      #1
[    0.004000] kvm-clock: cpu 1, msr 0:3ff44041, secondary cpu clock
[    0.004000] mce: CPU supports 0 MCE banks
[    0.056032] smp: Brought up 1 node, 2 CPUs
[    0.060008] smpboot: Max logical packages: 1
[    0.060613] smpboot: Total of 2 processors activated (10374.28 BogoMIPS)
[    0.061689] devtmpfs: initialized
[    0.064087] x86/mm: Memory block size: 128MB
[    0.068191] evm: security.selinux
[    0.068624] evm: security.SMACK64
[    0.069058] evm: security.SMACK64EXEC
[    0.069509] evm: security.SMACK64TRANSMUTE
[    0.070003] evm: security.SMACK64MMAP
[    0.070452] evm: security.apparmor
[    0.070876] evm: security.ima
[    0.071267] evm: security.capability
[    0.072093] clocksource: jiffies: mask: 0xffffffff max_cycles: 0xffffffff, max_idle_ns: 7645041785100000 ns
[    0.073112] futex hash table entries: 512 (order: 3, 32768 bytes)
[    0.074068] pinctrl core: initialized pinctrl subsystem
[    0.076664] RTC time: 19:19:37, date: 09/19/18
[    0.078737] NET: Registered protocol family 16
[    0.080086] audit: initializing netlink subsys (disabled)
[    0.080753] audit: type=2000 audit(1537384781.367:1): state=initialized audit_enabled=0 res=1
[    0.080753] cpuidle: using governor ladder
[    0.080753] cpuidle: using governor menu
[    0.081122] ACPI: bus type PCI registered
[    0.084004] acpiphp: ACPI Hot Plug PCI Controller Driver version: 0.5
[    0.084810] PCI: Using configuration type 1 for base access
[    0.085478] HugeTLB registered 2.00 MiB page size, pre-allocated 0 pages
[    0.088100] ACPI: Added _OSI(Module Device)
[    0.092008] ACPI: Added _OSI(Processor Device)
[    0.096014] ACPI: Added _OSI(3.0 _SCP Extensions)
[    0.096683] ACPI: Added _OSI(Processor Aggregator Device)
[    0.097398] ACPI: Added _OSI(Linux-Dell-Video)
[    0.100003] ACPI: Added _OSI(Linux-Lenovo-NV-HDMI-Audio)
[    0.100928] ACPI: Executed 1 blocks of module-level executable AML code
[    0.105141] ACPI: Interpreter enabled
[    0.106726] ACPI: (supports S0 S5)
[    0.107211] ACPI: Using IOAPIC for interrupt routing
[    0.108095] PCI: Using host bridge windows from ACPI; if necessary, use "pci=nocrs" and report a bug
[    0.111151] ACPI: Enabled 2 GPEs in block 00 to 07
[    0.119019] ACPI: PCI Root Bridge [PCI0] (domain 0000 [bus 00-ff])
[    0.120021] acpi PNP0A03:00: _OSC: OS supports [ASPM ClockPM Segments MSI]
[    0.120868] acpi PNP0A03:00: _OSC: not requesting OS control; OS requires [ExtendedConfig ASPM ClockPM MSI]
[    0.124020] acpi PNP0A03:00: fail to add MMCONFIG information, can't access extended PCI configuration space under this bridge.
[    0.128348] PCI host bridge to bus 0000:00
[    0.132015] pci_bus 0000:00: root bus resource [io  0x0000-0x0cf7 window]
[    0.136011] pci_bus 0000:00: root bus resource [io  0x0d00-0xffff window]
[    0.140006] pci_bus 0000:00: root bus resource [mem 0x000a0000-0x000bffff window]
[    0.140893] pci_bus 0000:00: root bus resource [mem 0x40000000-0xfdffffff window]
[    0.144005] pci_bus 0000:00: root bus resource [bus 00-ff]
[    0.147025] pci 0000:00:01.1: legacy IDE quirk: reg 0x10: [io  0x01f0-0x01f7]
[    0.148012] pci 0000:00:01.1: legacy IDE quirk: reg 0x14: [io  0x03f6]
[    0.152013] pci 0000:00:01.1: legacy IDE quirk: reg 0x18: [io  0x0170-0x0177]
[    0.156012] pci 0000:00:01.1: legacy IDE quirk: reg 0x1c: [io  0x0376]
[    0.182048] pci 0000:00:07.0: quirk: [io  0x4000-0x403f] claimed by PIIX4 ACPI
[    0.184023] pci 0000:00:07.0: quirk: [io  0x4100-0x410f] claimed by PIIX4 SMB
[    0.196066] ACPI: PCI Interrupt Link [LNKA] (IRQs 5 9 10 *11)
[    0.200325] ACPI: PCI Interrupt Link [LNKB] (IRQs 5 9 *10 11)
[    0.201079] ACPI: PCI Interrupt Link [LNKC] (IRQs 5 *9 10 11)
[    0.204144] ACPI: PCI Interrupt Link [LNKD] (IRQs 5 9 10 *11)
[    0.205195] SCSI subsystem initialized
[    0.208088] pci 0000:00:02.0: vgaarb: setting as boot VGA device
[    0.212000] pci 0000:00:02.0: vgaarb: VGA device added: decodes=io+mem,owns=io+mem,locks=none
[    0.212059] pci 0000:00:02.0: vgaarb: bridge control possible
[    0.216007] vgaarb: loaded
[    0.216421] ACPI: bus type USB registered
[    0.216944] usbcore: registered new interface driver usbfs
[    0.220037] usbcore: registered new interface driver hub
[    0.224053] usbcore: registered new device driver usb
[    0.224978] EDAC MC: Ver: 3.0.0
[    0.224978] PCI: Using ACPI for IRQ routing
[    0.228284] NetLabel: Initializing
[    0.232004] NetLabel:  domain hash size = 128
[    0.232633] NetLabel:  protocols = UNLABELED CIPSOv4 CALIPSO
[    0.236025] NetLabel:  unlabeled traffic allowed by default
[    0.240117] clocksource: Switched to clocksource kvm-clock
[    0.253003] VFS: Disk quotas dquot_6.6.0
[    0.316911] VFS: Dquot-cache hash table entries: 512 (order 0, 4096 bytes)
[   3141] AppArmor: AppArmor Filesystem Enabled
[   4242pn P AI ni
  0.4558pn P AI:found 3 devices
[  10647] ocksource: acpi_pm: mask: 0xffffff max_cycles: 0xffffff, max_idle_ns: 2085701024 ns
  1.83] T:egted otolfail2
[    1.748334] TCP established hash table entries: 8192 (order: 4, 65536 bytes)
[  19613 T bd ash table entries: 8192 (order: 5, 131072 bytes)
[    2.211987] TCP: Hash tables configured (established 8192 bind 8192)
[    2.212772] UDP hash table entries: 512 (order: 2, 16384 bytes)
[    2.213452] UDP-Lite hash table entries: 512 (order: 2, 16384 bytes)
[    2.214208] NET: Registered protocol family 1
[    2.214746] pci 0000:00:00.0: Limiting direct PCI/PCI transfers
[    2.215434] pci 0000:00:01.0: Activating ISA DMA hang workarounds
[    2.216175] pci 0000:00:02.0: Video device with shadowed ROM at [mem 0x000c0000-0x000dffff]
[    2.217199] Unpacking initramfs...
[    2.467900] Freeing initrd memory: 18964K
[    2.492582] platform rtc_cmos: registered platform RTC device (no PNP device found)
[    2.493602] Scanning for low memory corruption every 60 seconds
[    2.494874] Initialise system trusted keyrings
[    2.517525] Key type blacklist registered
[    2.518125] workingset: timestamp_bits=36 max_order=18 bucket_order=0
[    2.521877] zbud: loaded
[    2.546056] squashfs: version 4.0 (2009/01/31) Phillip Lougher
[    2.548894] fuse init (API version 7.26)
[    2.599260] Key type asymmetric registered
[    2.607366] Asymmetric key parser 'x509' registered
[    2.608031] Block layer SCSI generic (bsg) driver version 0.4 loaded (major 246)
[    2.609003] io scheduler noop registered
[    2.616495] io scheduler deadline registered
[    2.617087] io scheduler cfq registered (default)
[    2.618048] ACPI: AC Adapter [AC] (on-line)
[    2.638053] input: Power Button as /devices/LNXSYSTM:00/LNXPWRBN:00/input/input0
[    2.676618] ACPI: Power Button [PWRF]
[    2.677172] input: Sleep Button as /devices/LNXSYSTM:00/LNXSLPBN:00/input/input1
[    2.678054] ACPI: Sleep Button [SLPF]
[    2.679430] ACPI: Battery Slot [BAT0] (battery present)
[    2.680173] Serial: 8250/16550 driver, 32 ports, IRQ sharing enabled
[    2.788814] 00:02: ttyS0 at I/O 0x3f8 (irq = 4, base_baud = 115200) is a 16550A
[    2.796735] Linux agpgart interface v0.103
[    2.815391] loop: module loaded
[    2.897846] scsi host0: ata_pii
[    3.106854] scsi host1: ata_piix
[    3.247369] ata1: PATA max UDMA/33 cmd 0x1f0 ctl 0x3f6 bmdma 0xd000 irq 14
[    3.437467] ata2: PATA max UDMA/33 cmd 0x170 ctl 0x376 bmdma 0xd008 irq 15
[    3.497940] libphy: Fixed MDIO Bus: probed
[    3.517113] tsc: Refined TSC clocksource calibration: 2593.812 MHz
[    3.517120] clocksource: tsc: mask: 0xffffffffffffffff max_cycles: 0x2563667cadf, max_idle_ns: 440795298702 ns
[    3.579246] tun: Universal TUN/TAP device driver, 1.6
[    3.579913] PPP generic driver version 2.4.2
[    3.580502] ehci_hcd: USB 2.0 'Enhanced' Host Controller (EHCI) Driver
[    3.581250] ehci-pci: EHCI PCI platform driver
[    3.581800] ehci-platform: EHCI generic platform driver
[    3.617529] ohci_hcd: USB 1.1 'Open' Host Controller (OHCI) Driver
[    3.667357] ohci-pci: OHCI PCI platform driver
[    3.667941] ohci-platform: OHCI generic platform driver
[    3.668596] uhci_hcd: USB Universal Host Controller Interface driver
[    3.669385] i8042: PNP: PS/2 Controller [PNP0303:PS2K,PNP0f03:PS2M] at 0x60,0x64 irq 1,12
[    3.670781] serio: i8042 KBD port at 0x60,0x64 irq 1
[    3.757632] serio: i8042 AUX port at 0x60,0x64 irq 12
[    3.758374] mousedev: PS/2 mouse device common for all mice
[    3.759256] input: AT Translated Set 2 keyboard as /devices/platform/i8042/serio0/input/input2
[    3.760617] rtc_cmos rtc_cmos: rtc core: registered rtc_cmos as rtc0
[    3.907850] rtc_cmos rtc_cmos: alarms up to nn  day, 114 bytes nvram
[    4.257544] i2c /dev entries driver
[    4.297678] device-mapper: uevent: version 1.0.3
[    4.298345] device-mapper: ioctl: 4.37.0-ioctl (2017-09-20) initialised: dm-devel@redhat.com
[    4.299398] ledtrig-cpu: registered to indicate activity on CPUs
[    4.300600] NET: Registered protocol family 10
[    4.304946] Segment Routing with IPv6
[    4.377585] NET: Registered protocol family 17
[    4.378224] Key type dns_resolver registered
[    4.378951] RAS: Correctable Errors collector initialized.
[    4.381156] sched_clock: Marking stable (4381089869, 0)->(5915603863, -1534513994)
[    4.628031] registered taskstats version 1
[    4.841021] Loading compiled-in X.509 certificates
[    5.000480  Loaded X.509 cert 'Build time autogenerated kernel key: 197c80222fd2638086c51a9b9e4961ca73d6ea07'
[    5.108376] zswap: loaded using pool lzo/zbud
[    5.131353] Key type big_key registered
[    5.147839] Key type trusted registered
[    5.189381] Key type encrypted registered
[    5.396339] AppArmor: AppArmor sha1 policy hashing enabled
[    5.567700] ima: No TPM chip found, activating TPM-bypass! (rc=-19)
[   55.648147] ima: Allocated hash algorithm  hha1
[    5.997714] evm: HMAC attrs: 0x1
[    6.120346]   Magic number: 2:733:344
[    6.147980] tty tty61: hash matches
[    6.148530] rtc_cmos rtc_cmos: setiing system clock to 2018-09-19 19:19:43 UTC (1537384783)
[    6.208492] BIOS EDD facility v0.16 2004-Jun-25, 0 devices found
[    6.228201] EDD information not available.
[    6.390218] Freeing unused kernel memory: 2408K
[    6.468142] Write protecting the kernel read-only data: 20480k
[    6.568590] Freeing unused kernel memory: 2008K
[    6.691152] Freeing unused kernel memory: 1900K
[    6.712925] x86/mm: Checked W+X mappings: passed, no W+X pages found.
[    6.778591] x86/mm: Checking user space page tables
[    6.793449] x86/mm: Checked W+X mappings: passed, no W+X pages found.
Loading, please wait...
starting version 237
[    7.083889] e1000: Intel(R) PRO/1000 Network Driver - version 7.3.21-k8-NAPI
[    7.119404] e1000: Copyright (c) 1999-2006 Intel Corporation.
[    7.153823] Fusion MPT base driver 3.04.20
[    7.169714] Copyright (c) 1999-2008 LSI Corporation
[    7.187269] Fusion MPT SPI Host driver 3.04.20
[    7.222656] AVX2 version of gcm_enc/dec engaged.
[    7.248236] AES CTR mode by8 optimization enabled
[    7.350973] input: ImExPS/2 Generic Explorer Mouse as /devices/platform/i8042/serio1/input/input4
[    7.563738] e1000 0000:00:03.0 eth0: (PCI:33MHz:32-bit) 02:ec:ff:85:d6:22
[    7.978098] e1000 0000:00:03.0 eth0: Intel(R) PRO/1000 Network Connection
[    8.129774] e1000 0000:00:03.0 enp0s3: renamed from eth0
[    8.132174] mptbase: ioc0: Initiating bringup
[    8.228233] ioc0: LSI53C1030 A0: Capabilities={Initiator}
[    8.561727] scsi host2: ioc0: LSI53C1030 A0, FwRev=00000000h, Ports=1, MaxQ=256, IRQ=20
[    8.964470] scsi 2:0:0:0: Direct-Access     VBOX     HARDDISK         1.0  PQ: 0 ANSI: 5
[    9.040122] scsi target2:0:0: Beginning Domain Validation
[    9.059707] scsi target2:0:0: Domain Validation skipping write tests
[    9.068801] scsi target2:0:0: Ending Domain Validation
[    9.069614] scsi target2:0:0: asynchronous
[    9.071272] scsi 2:0:1:0: Direct-Access     VBOX     HARDDISK         1.0  PQ: 0 ANSI: 5
[    9.148111] scsi target2:0:1: Beginning Domain Validation
[    9.259384] random: fast init done
[    9.260107] scsi target2:0:1: Domain Validation skipping write tests
[    9.318707] scsi target2:0:1: Ending Domain Validation
[    9.336726] scsi target2:0:1: asynchronous
[    9.342355] random: systemd-udevd: uninitialized urandom read (16 bytes read)
[    9.518791] sd 2:0:0:0: Attached scsi generic sg0 type 0
[    9.598761] random: systemd-udevd: uninitialized urandom read (16 bytes read)
[    9.599014] sd 2:0:1:0: Attached scsi generic sg1 type 0
[    9.609524] random: systemd-udevd: uninitialized urandom read (16 bytes read)
[    9.609559] sd 2:0:0:0: [sda] 20971520 512-byte logical blocks: (10.7 GB/10.0 GiB)
[    9.611450] sd 2:0:0:0: [sda] Write Protect is off
[    9.614069] sd 2:0:1:0: [sdb] 20480 512-byte logical blocks: (10.5 MB/10.0 MiB)
[    9.614493] sd 2:0:0:0: [sda] Incomplete mode parameter data
[    9.614494] sd 2:0:0:0: [sda] Assuming drive cache: write through
[    9.631268] sd 2:0:1:0: [sdb] Write Protect is off
[    9.634468]  sda: sda1
[    9.635876] sd 2:0:1:0: [sdb] Incomplete mode parameter data
[    9.636073] sd 2:0:0:0: [sda] Attached SCSI disk
[    9.639465] sd 2:0:1:0: [sdb] Assuming drive cache: write through
[    9.642750] sd 2:0:1:0: [sdb] Attached SCSI disk
Begin: Loading essential drivers ... [   11.092036] raid6: sse2x1   gen() 10271 MB/s
[   11.148049] raid6: sse2x1   xor()  7442 MB/s
[   11.200050] raid6: sse2x2   gen() 12969 MB/s
[   11.252055] raid6: sse2x2   xor()  8050 MB/s
[   11.316067] raid6: sse2x4   gen() 12517 MB/s
[   11.368045] raid6: sse2x4   xor()  9392 MB/s
[   11.416042] raid6: avx2x1   gen() 20301 MB/s
[   11.476064] raid6: avx2x1   xor() 13924 MB/s
[   11.528047] raid6: avx2x2   gen() 17944 MB/s
[   11.584080] raid6: avx2x2   xor() 14595 MB/s
[   11.636052] raid6: avx2x4   gen() 25880 MB/s
[   11.688057] raid6: avx2x4   xor() 15676 MB/s
[   11.693986] raid6: using algorithm avx2x4 gen() 25880 MB/s
[   11.694805] raid6: .... xor() 15676 MB/s, rmw enabled
[   11.695504] raid6: using avx2x2 recovery algorithm
[   11.697643] xor: automatically using best checksumming function   avx       
[   11.750677] async_tx: api initialized (async)
done.
Begin: Running /scripts/init-premount ... done.
Begin: Mounting root file system ... Begin: Running /scripts/local-top ... done.
Begin: Running /scripts/local-premount ... [   11.856302] Btrfs loaded, crc32c=crc32c-intel
Scanning for Btrfs filesystems
done.
Warning: fsck not present, so skipping root file system
[   11.904156] EXT4-fs (sda1): mounted filesystem with ordered data mode. Opts: (null)
done.
Begin: Running /scripts/local-bottom ... done.
Begin: Running /scripts/init-bottom ... done.
[   12.201823] ip_tables: (C) 2000-2006 Netfilter Core Team
[   12.258149] systemd[1]: systemd 237 running in system mode. (+PAM +AUDIT +SELINUX +IMA +APPARMOR +SMACK +SYSVINIT +UTMP +LIBCRYPTSETUP +GCRYPT +GNUTLS +ACL +XZ +LZ4 +SECCOMP +BLKID +ELFUTILS +KMOD -IDN2 +IDN -PCRE2 default-hierarchy=hybrid)
[   12.651004] systemd[1]: Detected virtualization oracle.
[   12.680450] systemd[1]: Detected architecture x86-64.

Welcome to [1mUbuntu 18.04.1 LTS[0m!

[   12.692386] systemd[1]: Set hostname to <ubuntu>.
[   12.696362] systemd[1]: Initializing machine ID from random generator.
[   12.709948] systemd[1]: Installed transient /etc/machine-id file.
[   12.982498] systemd[1]: Set up automount Arbitrary Executable File Formats File System Automount Point.
[[0;32m  OK  [0m] Set up automount Arbitrary Executab…rmats File System Automount Point.
[   13.003152] systemd[1]: Reached target Swap.
[[0;32m  OK  [0m] Reached target Swap.
[   13.005509] systemd[1]: Reached target User and Group Name Lookups.
[[0;32m  OK  [0m] Reached target User and Group Name Lookups.
[   13.007155] systemd[1]: Started Forward Password Requests to Wall Directory Watch.
[[0;32m  OK  [0m] Started Forward Password Requests to Wall Directory Watch.
[[0;32m  OK  [0m] Reached target System Time Synchronized.
[[0;32m  OK  [0m] Created slice User and Session Slice.
[[0;32m  OK  [0m] Created slice System Slice.
[[0;32m  OK  [0m] Listening on LVM2 poll daemon socket.
[[0;32m  OK  [0m] Listening on Journal Socket.
         Starting Uncomplicated firewall...
         Mounting Kernel Debug File System...
         Starting Load Kernel Modules...
[[0;32m  OK  [0m] Listening on udev Control Socket.
[[0;32m  OK  [0m] Listening on Device-mapper event daemon FIFO[   13.138195] Loading iSCSI transport class v2.0-870.
s.
         Mounting Huge Pages File System...
[   13.153231] iscsi: registered transport (tcp)
[[0;32m  OK  [0m] Listening on[   13.173561] iscsi: registered transport (iser)
 udev Kernel Socket.
[[0;32m  OK  [0m] Listening on LVM2 metadata daemon socket.
         Starting Monitoring of LVM2 mirrors…ng dmeventd or progress polling...
         Starting Remount Root and Kernel File Systems...
[   13.284093] EXT4-fs (sda1): re-mounted. Opts: (null)
         Mounting POSIX Message Queue File System...
         Starting Set the console keyboard layout...
         Starting udev Coldplug all Devices...
[[0;32m  OK  [0m] Listening on Syslog Socket.
[[0;32m  OK  [0m] Listening on Network Service Netlink Socket.
         Starting Create list of required st…ce nodes for the current kernel...
[[0;32m  OK  [0m] Created slice system-serial\x2dgetty.slice.
[[0;32m  OK  [0m] Listening on /dev/initctl Compatibility Named Pipe.
[[0;32m  OK  [0m] Listening on Journal Socket (/dev/log).
[[0;32m  OK  [0m] Reached target Slices.
[[0;32m  OK  [0m] Listening on Journal Audit Socket.
         Starting Journal Service...
[[0;32m  OK  [0m] Started Uncomplicated firewall.
[[0;32m  OK  [0m] Started Journal Service.
[[0;32m  OK  [0m] Mounted Kernel Debug File System.
[[0;32m  OK  [0m] Started Load Kernel Modules.
[[0;32m  OK  [0m] Mounted Huge Pages File System.
[[0;32m  OK  [0m] Started Remount Root and Kernel File Systems.
[[0;32m  OK  [0m] Mounted POSIX Message Queue File System.
[[0;32m  OK  [0m] Started Set the console keyboard layout.
[[0;32m  OK  [0m] Started Create list of required sta…vice nodes for the current kernel.
[[0;32m  OK  [0m] Started LVM2 metadata daemon.
         Starting Create Static Device Nodes in /dev...
         Starting Load/Save Random Seed...
         Starting Initial cloud-init job (pre-networking)...
         Mounting Kernel Configuration File System...
         Mounting FUSE Control File System...
         Starting Apply Kernel Variables...
         Starting Flush Journal to Persistent Storage...
[[0;32m  OK  [0m] Started Monitoring of LVM2 mirrors,…sing dmeventd or progress polling.
[[0;32m  OK  [0m] Started udev Coldplug all Devices.
[[0;32m  OK  [0m] Started Create Static Device Nodes in /dev.
[[0;32m  OK  [0m] Started Load/Save Random Seed.
[[0;32m  OK  [0m] Mounted Kernel Configuration File System.
[[0;32m  OK  [0m] Mounted FUSE Control File System.
[[0;32m  OK  [0m] Started Apply Kernel Variables.
         Starting udev Kernel Device Manager...
[[0;32m  OK  [0m] Reached target Local File Systems (Pre).
[[0;32m  OK  [0m] Reached target Local File Systems.
         Starting AppArmor initialization...
         Starting ebtables ruleset management...
         Starting Commit a transient machine-id on disk...
         Starting Set console font and keymap...
         Starting Tell Plymouth To Write Out Runtime Data...
[[0;32m  OK  [0m] Started udev Kernel Device Manager.
[[0;32m  OK  [0m] Started Commit a transient machine-id on disk.
[[0;32m  OK  [0m] Started Set console font and keymap.
[[0;32m  OK  [0m] Started Tell Plymouth To Write Out Runtime Data.
[[0;32m  OK  [0m] Started Flush Journal to Persistent Storage.
[[0;32m  OK  [0m] Started ebtables ruleset management.
[[0;32m  OK  [0m] Found device /dev/ttyS0.
[[0;32m  OK  [0m] Listening on Load/Save RF Kill Switch Status /dev/rfkill Watch.
         Starting Create Volatile Files and Directories...
[[0;32m  OK  [0m] Started Dispatch Password Requests to Console Directory Watch.
[[0;32m  OK  [0m] Reached target Local Encrypted Volumes.
[[0;32m  OK  [0m] Started Create Volatile Files and Directories.
         Starting Update UTMP about System Boot/Shutdown...
[[0;32m  OK  [0m] Started Update UTMP about System Boot/Shutdown.
[[0;32m  OK  [0m] Started AppArmor initialization.
[   15.922381] cloud-init[421]: Cloud-init v. 18.3-9-g2e62cb8a-0ubuntu1~18.04.2 running 'init-local' at Wed, 19 Sep 2018 19:19:52 +0000. Up 15.38 seconds.
[[0;32m  OK  [0m] Started Initial cloud-init job (pre-networking).
[[0;32m  OK  [0m] Reached target Network (Pre).
         Starting Network Service...
[[0;32m  OK  [0m] Started Network Service.
         Starting Wait for Network to be Configured...
         Starting Network Name Resolution...
[[[0;32m  OK  [0m] Started Network Name Resolution.
[[0;32m  OK  [0m] Reached target Network.
[[0;32m  OK  [0m] Reached target Host and Network Name Lookups.
[[0;32m  OK  [0m] Started Wait for Network to be Configured.
         Starting Initial cloud-init job (metadata service crawler)...
[   19.273444] cloud-init[652]: Cloud-init v. 18.3-9-g2e62cb8a-0ubuntu1~18.04.2 running 'init' at Wed, 19 Sep 2018 19:19:55 +0000. Up 18.19 seconds.
[[0;32m  OK  [0m] Started Initial cloud-init job (metadata service crawler).
[[0;32m  OK  [0m] Reached target Cloud-config availability.
[[0;32m  OK  [0m] Reached target System Initialization.
[   19.422702] cloud-init[652]: ci-info: ++++++++++++++++++++++++++++++++++++++Net device info++++++++++++++++++++++++++++++++++++++
[   19.496775] cloud-init[652]: ci-info: +--------+------+----------------------------+---------------+--------+-------------------+
         Starting LXD - unix socket.
[   19.499572] cloud-init[652]: ci-info: | Device |  Up  |          Address           |      Mask     | Scope  |     Hw-Address    |
         Starting Socket activation for snappy daemon.
[   19.531603] cloud-init[[0;32m  OK  [0m] Started Daily apt download activities.
[[0;32m  OK  [0m] Started Daily apt upgrade and clean activities.
[652]: ci-info: +--------+------+----------------------------+---------------+--------+-------------------+
[[0;32m  OK  [0m] Started Message of the Day.
[   19.561586] [[0;32m  OK  [0m] Listening on ACPID Listen Socket.
[[0;32m  OK  [0m] Listening on UUID daemon activation socket.
cloud-init[652]: ci-info: | enp0s3 | True |         10.0.2.15          | 255.255.255.0 | global | 02:ec:ff:85:d6:22 |
[[0;32m  OK  [0m] Started Discard unused blocks once a week.
[[0;32m  OK  [0m] Started Daily Cleanup of Temporary Directories.
[[0;32m  OK  [0m] Listening on D-Bus System Message Bus Socket.
[[0;32m  OK  [0m] Reached target Timers.
[   19.636056] cloud-init[652]: ci-info: | enp0s3 | True | fe80::ec:ffff:fe85:d622/64 |       .       |  link  | 02:ec:ff:85:d6:22 |
[[0;32m  OK  [0m] Started ACPI Events Check.
[   19.660893] [cloud-init[0;32m  OK  [0m[652]: ] ci-info: |   lo   | True |         127.0.0.1          |   255.0.0.0   |  host  |         .         |Reached target Paths.

[[0;32m  OK  [0m] Reached target Network is Online.
[   19.719708] cloud-init[652]: ci-info: |   lo   | True |          ::1/128           |       .       |  host  |         .         |
         Starting iSCSI initiator daemon (iscsid)...
[   19.749802] cloud-init[652]: ci-info: +--------+------+----------------------------+---------------+--------+-------------------+
[[0;32m  OK  [0m] Listening on LXD - unix socket.
[   19.808965] cloud-init[[0;32m  OK  [0m] Listening on Socket activation for snappy daemon.
[652]: ci-info: ++++++++++++++++++++++++++++Route IPv4 info+++++++++++++++++++++++++++++
[[0;32m  OK  [0m] Reached target Sockets.
[   19.811988] [[0;32m  OK  [0m] Reached target Basic System.
cloud-init[652]: ci-info: +-------+-------------+----------+-----------------+-----------+-------+
[[0;32m  OK  [0m] Started Deferred execution scheduler.
[   19.900397] cloud-init[652]: ci-info: | Route | Destination | Gateway  |     Genmask     | Interface | Flags |
         Starting LSB: Record successful boot for GRUB...
[   19.912049] cloud-init[652]: ci-info: +-------+-------------+----------+-----------------+-----------+-------+
         Starting Dispatcher daemon for systemd-networkd...
[   19.960664] cloud-init[652]: ci-info: |   0   |   0.0.0.0   | 10.0.2.2 |     0.0.0.0     |   enp0s3  |   UG  |
[   20.090664] cloud-init[652]: ci-info: |   1   |   10.0.2.0  | 0.0.0.0  |  255.255.255.0  |   enp0s3  |   U   |
[[   20.104321] [0;32m  OK  [0m] Started irqbalance daemon.
cloud-init[652]: ci-info: |   2   |   10.0.2.2  | 0.0.0.0  | 255.255.255.255 |   enp0s3  |   UH  |
         Starting System Logging Service...
[   20.188261] cloud-init[652]: ci-info: +-------+-------------+----------+-----------------+-----------+-------+
         [   20.254015] Starting Login Service...cloud-init
[652]: ci-info: +++++++++++++++++++Route IPv6 info+++++++++++++++++++
         Starting Accounts Service...
[   20.287407] cloud-init[652]: ci-info: +-------+-------------+---------+-----------+-------+
         [   20.364320] Starting Virtualbox guest utils...cloud-init
[652]: ci-info: | Route | Destination | Gateway | Interface | Flags |
[[0;32m  OK  [0m[   20.367165] ] cloud-initStarted FUSE filesystem for LXC.[652]: 
ci-info: +-------+-------------+---------+-----------+-------+
[[0;32m  OK  [0m[   20.440321] ] cloud-initStarted Unattended Upgrades Shutdown.[652]: 
ci-info: |   1   |  fe80::/64  |    ::   |   enp0s3  |   U   |
         Starting Snappy daemon...
[   20.513256] cloud-init[652]: ci-info: |   3   |    local    |    ::   |   enp0s3  |   U   |
[[0;32m  OK  [0m] Started D-Bus System Message Bus.
[   20.603355] cloud-init[652]: ci-info: |   4   |   ff00::/8  |    ::   |   enp0s3  |   U   |
[[0;32m  OK  [0m[   20.670093] cloud-init[652]: ci-info: +-------+-------------+---------+-----------+-------+
[   20.670426] cloud-init[652]: Generating public/private rsa key pair.
] Started Login Service.
[   20.670587] cloud-init[652]: Your identification has been saved in /etc/ssh/ssh_host_rsa_key.
[   20.675316] cloud-init[652]: Your public key has been saved in /etc/ssh/ssh_host_rsa_key.pub.
         Starting Pollinate to seed the pseudo random number generator...
[   20.753354] cloud-init[652]: The key fingerprint is:
[   20.785913] cloud-init[652]: SHA256:YdDJrFZt2R9Nn7gfFpavey8OFW73HeVQIprmPDu5748 root@ubuntu-bionic
[   20.822206] cloud-init[652]: The key's randomart image is:
[   20.827206] cloud-init[652]: +---[RSA 2048]----+
[[0;32m  OK  [0m[   20.852353] ] cloud-initStarted Regular background program processing daemon.[652]: 
|      .+ o o. .oo|
         Starting LXD - container startup/shutdown...
[   20.881717] cloud-init[652]: |       .* +o..oo=|
[[0;32m  OK  [0m[   20.920974] ] cloud-initStarted System Logging Service.[652]: 
|       oo.+  oo*o|
[   20.921410] cloud-init[652]: |      o. =   .+++|
[[0;32m  OK  [0m] [   21.012355] Started Dispatcher daemon for systemd-networkd.cloud-init
[652]: |     .  S +  .+++|
[[0;32m  OK  [0m[   21.084935] cloud-init[652]: |           + ooo=|
] Started Snappy daemon.
[   21.085331] cloud-init[652]: |          + . ..o|
[   21.131417] cloud-init[652]: |           o o...|
[[0;32m  OK  [0m[   21.149887] cloud-init[652]: |          .oEo+oo|
[   21.150280] cloud-init[652]: +----[SHA256]-----+
[   21.150507] cloud-init[652]: Generating public/private dsa key pair.
[   21.150791] cloud-init[652]: Your identification has been saved in /etc/ssh/ssh_host_dsa_key.
[   21.151027] cloud-init[652]: Your public key has been saved in /etc/ssh/ssh_host_dsa_key.pub.
[   21.151279] cloud-init[652]: The key fingerprint is:
[   21.151530] cloud-init[652]: SHA256:FEP97+5OqGPjT32XZDbWbRl6OGSWT+StFbNjp9wsHVU root@ubuntu-bionic
[   21.151807] cloud-init[652]: The key's randomart image is:
[   21.152154] cloud-init[652]: +---[DSA 1024]----+
[   21.152459] cloud-init[652]: |       .+.     +E|
] Started iSCSI initiator daemon (iscsid).
[[0;32m  OK  [0m] Started Pollinate to seed the pseudo random number generator.
[   21.152667] cloud-init[652]: |         o.   + *|
[[0;32m  OK  [0m[   21.488373] cloud-init[652]: |        .  . = O+|
[   21.488586] cloud-init[652]: |       .    =.*BO|
[   21.488847] cloud-init[652]: |        S    ==XB|
[   21.489115] cloud-init[652]: |             oOoo|
[   21.489375] cloud-init[652]: |            o.o.o|
[   21.489676] cloud-init[652]: |          +o ....|
[   21.489933] cloud-init[652]: |         oo+.++  |
] Started LXD - container startup/shutdown.
[   21.490062] cloud-init[652]: +----[SHA256]-----+
         Starting Authorization Manager...
[   21.646987] cloud-init[652]: Generating public/private ecdsa key pair.
         Starting OpenBSD Secure Shell server...
[   21.739702] cloud-init[652]: Your identification has been saved in /etc/ssh/ssh_host_ecdsa_key.
         Starting Availability of block devices...
[[0;32m  OK  [0m] Reached target Remote File Systems (Pre).
[   21.803505] cloud-init[[652]: [0;32m  OK  [0mYour public key has been saved in /etc/ssh/ssh_host_ecdsa_key.pub.] 
Reached target Remote File Systems.
         Starting Permit User Sessions...
[   21.869186] cloud-init[652]: The key fingerprint is:
         Starting LSB: automatic crash report generation...
         Starting Wait until snapd is fully seeded...
[   21.940454] cloud-init[652]: SHA256:S6P3DrNIgXNL0yGCT8x30Xe6Kz/0qS8wDZUrpu28ei4 root@ubuntu-bionic
[[0;32m  OK  [0m] Started LSB: Record successful boot for GRUB.
[   22.040967] cloud-init[652]: The key's randomart image is:
[[0;32m  OK  [0m] Started Virtualbox guest utils.
[   22.062438] cloud-init[652]: +---[ECDSA 256]---+
[[0;32m  OK  [0m] Started Availability of block devices.
[[0;32m  OK  [0m] Started OpenBSD Secure Shell server.
[   22.095205] cloud-init[652]: |        ..   .   |
[[0;32m  OK  [0m] Started Permit User Sessions.
[   22.113796] cloud-init[652]: |   +     .. + .  |
[[0;32m  OK  [0m] Started Wait until snapd is fully seeded.
[   22.188498] cloud-init[652]: |  . = o o  o +   |
[[0;32m  OK  [0m] Started Authorization Manager.
[   22.280445] cloud-init[652]: |   o + + .+ o    |
[[0;32m  OK  [0m] Started Accounts Service.
[   22.290267] cloud-init[652]: |    + = S+ + .   |
[   22.293364] cloud-init[652]: |     + *.o+ +    |
[   22.296053] cloud-init[652]: |      + =o + o . |
[   22.305867] cloud-init[652]: |     . oE== + o  |
[   22.307694] cloud-init[652]: |      . o*=+o=.  |
[   22.312176] [cloud-init[0;32m  OK  [0m[652]: ] +----[SHA256]-----+Created slice User Slice of vagrant.

         Starting User Manager for UID 1000...
[   22.356456] cloud-init[652]: Generating public/private ed25519 key pair.
[[0;32m  OK  [0m] Started Session 1 of user vagrant.
[   22.432512] cloud-init[652]: Your identification has been saved in /etc/ssh/ssh_host_ed25519_key.
         Starting Apply the settings specified in cloud-config...
[   22.477101] cloud-init[652]: Your public key has been saved in /etc/ssh/ssh_host_ed25519_key.pub.
         Starting Terminate Plymouth Boot Screen...
[   22.689352] cloud-init[652]: The key fingerprint is:
         Starting Hold until boot process finishes up...
[[0;32m  OK  [0m] Started User Manager for UID 1000.
[[0;32m  OK  [0m] Started LSB: automatic crash report generation.
[   22.811553] cloud-init[652]: SHA256:A4QNDwuYDL/BfeEfQLyQR3vXcjYZKYEDGJQCt4CHaf0 root@ubuntu-bionic
[[0;32m  OK  [0m] Started Terminate Plymouth Boot Screen.
[   22.962732] cloud-init[652]: The key's randomart image is:
[[0;32m  OK  [0m] Started Hold until boot process finishes up.
[   22.965608] cloud-init[652]: +--[ED25519 256]--+
[[0;32m  OK  [0m] Started Serial Getty on ttyS0.
         Starting Set console scheme...
[   23.016592] cloud-init[652]: |B*+.=%B. .....   |
[[0;32m  OK  [0m[   23.116400] ] cloud-initStarted Set console scheme.[652]: 
|*Bo=**++o ...o   |
[[0;32m  OK  [0m] Created slice system-getty.slice.
[   23.135842] cloud-init[652]: |..=.+o*.o.o.*    |
[[0;32m  OK  [0m[   23.161974] ] cloud-initStarted Getty on tty1.[652]: 
|   o E.+ o + .   |
[[0;32m  OK  [0m[   23.165200] cloud-init[652]: |  .     S        |
[   23.165629] cloud-init[652]: |         .       |
[   23.165853] cloud-init[652]: |                 |
[   23.166104] cloud-init[652]: |                 |
[   23.166361] cloud-init[652]: |                 |
[   23.166628] cloud-init[652]: +----[SHA256]-----+
] Reached target Login Prompts.
[[0;32m  OK  [0m] Reached target Multi-User System.
[[0;32m  OK  [0m] Reached target Graphical Interface.
         Starting Update UTMP about System Runlevel Changes...
[[0;32m  OK  [0m] Started Update UTMP about System Runlevel Changes.
[   23.597952] cloud-init[1229]: Cloud-init v. 18.3-9-g2e62cb8a-0ubuntu1~18.04.2 running 'modules:config' at Wed, 19 Sep 2018 19:20:00 +0000. Up 22.90 seconds.
[[0;32m  OK  [0m] Started Apply the settings specified in cloud-config.
         Starting Execute cloud user/final scripts...
ci-info: no authorized ssh keys fingerprints found for user ubuntu.
<14>Sep 19 19:20:01 ec2: 
<14>Sep 19 19:20:01 ec2: #############################################################
<14>Sep 19 19:20:01 ec2: -----BEGIN SSH HOST KEY FINGERPRINTS-----
<14>Sep 19 19:20:01 ec2: 1024 SHA256:FEP97+5OqGPjT32XZDbWbRl6OGSWT+StFbNjp9wsHVU root@ubuntu-bionic (DSA)
<14>Sep 19 19:20:01 ec2: 256 SHA256:S6P3DrNIgXNL0yGCT8x30Xe6Kz/0qS8wDZUrpu28ei4 root@ubuntu-bionic (ECDSA)
<14>Sep 19 19:20:01 ec2: 256 SHA256:A4QNDwuYDL/BfeEfQLyQR3vXcjYZKYEDGJQCt4CHaf0 root@ubuntu-bionic (ED25519)
<14>Sep 19 19:20:01 ec2: 2048 SHA256:YdDJrFZt2R9Nn7gfFpavey8OFW73HeVQIprmPDu5748 root@ubuntu-bionic (RSA)
<14>Sep 19 19:20:01 ec2: -----END SSH HOST KEY FINGERPRINTS-----
<14>Sep 19 19:20:01 ec2: #############################################################
-----BEGIN SSH HOST KEY KEYS-----
ecdsa-sha2-nistp256 AAAAE2VjZHNhLXNoYTItbmlzdHAyNTYAAAAIbmlzdHAyNTYAAABBBC7bminzf7567fOuZZ+DnEva9DzkA7RKagWVZgmSzxW9jbG+2iRwh2pYNVaIJtLDXt90dWNDZCOVx8RrdPzOTk8= root@ubuntu-bionic
ssh-ed25519 AAAAC3NzaC1lZDI1NTE5AAAAILfK7fvghjhMDSFgmInqunQlpw57qUExww81TX6yjF2z root@ubuntu-bionic
ssh-rsa AAAAB3NzaC1yc2EAAAADAQABAAABAQDK9Uk7PEfvKRBTroEl3sLefcakQEGYfUHg1+u59dJQbDDIi6HwA4IkN2c1126OSmpP64xj7cMaPom/uUrCKK+9btXjtxD9UkiE0umFlEhpsCcLUwFhuBr+YknN402WnOtUYIAo7D3diAmv5ErL6kxUs77Xr46XsBVX3xtLnN+KKBtrS6wLAm6fbgNdlDjxuFSn8Qr8Cl7RaRJV/HgIpSUKTi/8vH8KgyawtLV4NmAbXTfzJyeXOaqewOJcdaEvdSyguBI/gBxLBiAPhl6U9PIUTcL7comqune+SvzhAfGYz2Cdujr8jVrOotROiXr+fahMKvqsY4EUBqTU7LMec4Oh root@ubuntu-bionic
-----END SSH HOST KEY KEYS-----
[   24.994576] cloud-init[1352]: Cloud-init v. 18.3-9-g2e62cb8a-0ubuntu1~18.04.2 running 'modules:final' at Wed, 19 Sep 2018 19:20:01 +0000. Up 24.19 seconds.
[[0;32m  OK  [0m] Started Execute cloud user/final scripts.
[[0;32m  OK  [0m] Reached target Cloud-init target.
[   25.226479] cloud-init[1352]: ci-info: no authorized ssh keys fingerprints found for user ubuntu.
[   25.328297] Cloud-init v. 18.3-9-g2e62cb8a-0ubuntu1~18.04.2 finished at Wed, 19 Sep 2018 19:20:02 +0000. Datasource DataSourceNoCloud [seed=/dev/sdb][dsmode=net].  Up 24.97 seconds

Ubuntu 18.04.1 LTS ubuntu-bionic ttyS0

ubuntu-bionic login: 